<?xml version="1.0" encoding="UTF-8"?>
<!-- Generated by org.testng.reporters.JUnitReportReporter -->
<testsuite hostname="LAPTOP-GV35JO4N" failures="0" tests="1" name="cucumber.TestNGTestRunner" time="7.495" errors="0" timestamp="2025-07-13T18:56:31 IST" skipped="0">
  <testcase classname="cucumber.TestNGTestRunner" name="runScenario" time="7.495"/>
</testsuite> <!-- cucumber.TestNGTestRunner -->
