<?xml version="1.0" encoding="UTF-8"?>
<!-- Generated by org.testng.reporters.JUnitReportReporter -->
<testsuite hostname="LAPTOP-GV35JO4N" failures="0" tests="1" name="mjaacademy.tests.ErrorValidations" time="3.241" errors="0" timestamp="2025-06-24T06:38:59 IST" skipped="0">
  <testcase classname="mjaacademy.tests.ErrorValidations" name="submitOrder" time="3.241"/>
</testsuite> <!-- mjaacademy.tests.ErrorValidations -->
