<?xml version="1.0" encoding="UTF-8"?>
<!-- Generated by org.testng.reporters.JUnitReportReporter -->
<testsuite hostname="LAPTOP-GV35JO4N" failures="0" tests="1" name="mjaacademy.tests.LoginPageMod" time="7.482" errors="0" timestamp="2025-06-23T07:29:46 IST" skipped="0">
  <testcase classname="mjaacademy.tests.LoginPageMod" name="submitOrder" time="7.482"/>
</testsuite> <!-- mjaacademy.tests.LoginPageMod -->
