<?xml version="1.0" encoding="UTF-8"?>
<!-- Generated by org.testng.reporters.JUnitReportReporter -->
<testsuite hostname="LAPTOP-GV35JO4N" failures="0" tests="3" name="mjaacademy.tests.SubmitOrderTest" time="21.820" errors="0" timestamp="2025-07-08T07:57:38 IST" skipped="0">
  <testcase classname="mjaacademy.tests.SubmitOrderTest" name="submitOrder" time="10.417"/>
  <testcase classname="mjaacademy.tests.SubmitOrderTest" name="submitOrder" time="8.130"/>
  <testcase classname="mjaacademy.tests.SubmitOrderTest" name="OrderHistoryTest" time="3.273"/>
</testsuite> <!-- mjaacademy.tests.SubmitOrderTest -->
